2019-06-05 09:57:58 +0000  Initial pipeline context: <IDEDistributionProcessingPipelineContext: 0x7fc3b4ce1a60; archive(resolved)='<IDEArchive: 0x7fc3b12e2800>', distributionTask(resolved)='2', distributionDestination(resolved)='1', distributionMethod(resolved)='<IDEDistributionMethodDevelopmentSigned: 0x7fc3c16b0300>', team(resolved)='<IDEProvisioningDisambiguatableBasicTeam: 0x7fc3baa57eb0; teamID='C5T94MTPZM', teamName='Hangzhou Mujia Network Technology Co.,ltd.', teamType='Company', username='acatuu@163.com', isFreeProvisioningTeam='0'>'>
	Chain (12, self inclusive):
	<IDEDistributionProcessingPipelineContext: 0x7fc3b4ce1a60; archive = '<IDEArchive: 0x7fc3b12e2800>', distributionMethod='<IDEDistributionMethodDevelopmentSigned: 0x7fc3c16b0300>', team='<IDEProvisioningDisambiguatableBasicTeam: 0x7fc3baa57eb0; teamID='C5T94MTPZM', teamName='Hangzhou Mujia Network Technology Co.,ltd.', teamType='Company', username='acatuu@163.com', isFreeProvisioningTeam='0'>'>
	<IDEDistributionProcessingPipelineContext: 0x7fc395f59a40; archive = '<IDEArchive: 0x7fc3b12e2800>', distributionMethod='<IDEDistributionMethodDevelopmentSigned: 0x7fc3c16b0300>', team='<IDEProvisioningDisambiguatableBasicTeam: 0x7fc3baa57eb0; teamID='C5T94MTPZM', teamName='Hangzhou Mujia Network Technology Co.,ltd.', teamType='Company', username='acatuu@163.com', isFreeProvisioningTeam='0'>'>
	<IDEDistributionContext: 0x7fc398dd1210; archive = '<IDEArchive: 0x7fc3b12e2800>', distributionMethod='<IDEDistributionMethodDevelopmentSigned: 0x7fc3c16b0300>', team='<IDEProvisioningDisambiguatableBasicTeam: 0x7fc3baa57eb0; teamID='C5T94MTPZM', teamName='Hangzhou Mujia Network Technology Co.,ltd.', teamType='Company', username='acatuu@163.com', isFreeProvisioningTeam='0'>'>
	<IDEDistributionContext: 0x7fc39ad7dd10; archive = '<IDEArchive: 0x7fc3b12e2800>', distributionMethod='<IDEDistributionMethodDevelopmentSigned: 0x7fc3c16b0300>', team='<IDEProvisioningDisambiguatableBasicTeam: 0x7fc3baa57eb0; teamID='C5T94MTPZM', teamName='Hangzhou Mujia Network Technology Co.,ltd.', teamType='Company', username='acatuu@163.com', isFreeProvisioningTeam='0'>'>
	<IDEDistributionContext: 0x7fc394c53290; archive = '<IDEArchive: 0x7fc3b12e2800>', distributionMethod='<IDEDistributionMethodDevelopmentSigned: 0x7fc3c16b0300>', team='<IDEProvisioningDisambiguatableBasicTeam: 0x7fc3baa57eb0; teamID='C5T94MTPZM', teamName='Hangzhou Mujia Network Technology Co.,ltd.', teamType='Company', username='acatuu@163.com', isFreeProvisioningTeam='0'>'>
	<IDEDistributionContext: 0x7fc38b71ec70; archive = '<IDEArchive: 0x7fc3b12e2800>', distributionMethod='<IDEDistributionMethodDevelopmentSigned: 0x7fc3c16b0300>', team='<IDEProvisioningDisambiguatableBasicTeam: 0x7fc3baa57eb0; teamID='C5T94MTPZM', teamName='Hangzhou Mujia Network Technology Co.,ltd.', teamType='Company', username='acatuu@163.com', isFreeProvisioningTeam='0'>'>
	<IDEDistributionContext: 0x7fc38f112f30; archive = '<IDEArchive: 0x7fc3b12e2800>', distributionMethod='<IDEDistributionMethodDevelopmentSigned: 0x7fc3c16b0300>', team='<IDEProvisioningDisambiguatableBasicTeam: 0x7fc3baa57eb0; teamID='C5T94MTPZM', teamName='Hangzhou Mujia Network Technology Co.,ltd.', teamType='Company', username='acatuu@163.com', isFreeProvisioningTeam='0'>'>
	<IDEDistributionContext: 0x7fc39339d2f0; archive = '<IDEArchive: 0x7fc3b12e2800>', distributionMethod='<IDEDistributionMethodDevelopmentSigned: 0x7fc3c16b0300>', team='<IDEProvisioningDisambiguatableBasicTeam: 0x7fc3baa57eb0; teamID='C5T94MTPZM', teamName='Hangzhou Mujia Network Technology Co.,ltd.', teamType='Company', username='acatuu@163.com', isFreeProvisioningTeam='0'>'>
	<IDEDistributionContext: 0x7fc3931b3ac0; archive = '<IDEArchive: 0x7fc3b12e2800>', distributionMethod='<IDEDistributionMethodDevelopmentSigned: 0x7fc3c16b0300>', team='<IDEProvisioningDisambiguatableBasicTeam: 0x7fc3baa57eb0; teamID='C5T94MTPZM', teamName='Hangzhou Mujia Network Technology Co.,ltd.', teamType='Company', username='acatuu@163.com', isFreeProvisioningTeam='0'>'>
	<IDEDistributionContext: 0x7fc38bcd4c60; archive = '<IDEArchive: 0x7fc3b12e2800>', distributionMethod='<IDEDistributionMethodDevelopmentSigned: 0x7fc3c16b0300>', team='(null)'>
	<IDEDistributionContext: 0x7fc39971c400; archive = '<IDEArchive: 0x7fc3b12e2800>', distributionMethod='<IDEDistributionMethodDevelopmentSigned: 0x7fc3c16b0300>', team='(null)'>
	<IDEDistributionContext: 0x7fc39a9da000; archive = '<IDEArchive: 0x7fc3b12e2800>', distributionMethod='(null)', team='(null)'>
</IDEDistributionProcessingPipelineContext: 0x7fc3b4ce1a60>
2019-06-05 09:57:58 +0000  Processing step: IDEDistributionCreateDestRootStep
2019-06-05 09:57:58 +0000  Processing step: IDEDistributionCopyItemStep
2019-06-05 09:57:58 +0000  Running /usr/bin/ditto '-V' '/Users/mac/Library/Developer/Xcode/Archives/2019-06-05/牛彩 2019-6-5, 5.51 PM.xcarchive/Products/Applications/牛彩.app' '/var/folders/6t/z1p2xgls4wz_pw36r58hhspr0000gn/T/XcodeDistPipeline.~~~61C892/Root/Payload/牛彩.app'
2019-06-05 09:57:58 +0000  >>> Copying /Users/mac/Library/Developer/Xcode/Archives/2019-06-05/牛彩 2019-6-5, 5.51 PM.xcarchive/Products/Applications/牛彩.app 
2019-06-05 09:57:58 +0000  
2019-06-05 09:57:58 +0000  copying file ./_CodeSignature/CodeResources ... 
2019-06-05 09:57:58 +0000  28388 bytes for ./_CodeSignature/CodeResources
2019-06-05 09:57:58 +0000  copying file ./LaunchImage-1100-Portrait-2436h@3x.png ... 
2019-06-05 09:57:58 +0000  4133499 bytes for ./LaunchImage-1100-Portrait-2436h@3x.png
2019-06-05 09:57:58 +0000  copying file ./LaunchImage@2x.png ... 
2019-06-05 09:57:58 +0000  1423344 bytes for ./LaunchImage@2x.png
copying file ./AppIcon20x20@2x.png ... 
2019-06-05 09:57:58 +0000  5017 bytes for ./AppIcon20x20@2x.png
2019-06-05 09:57:58 +0000  copying file ./AXPracticalHUD.bundle/ax_hud_error@2x.png ... 
2019-06-05 09:57:58 +0000  2149 bytes for ./AXPracticalHUD.bundle/ax_hud_error@2x.png
2019-06-05 09:57:58 +0000  copying file ./AXPracticalHUD.bundle/ax_hud_success@3x.png ... 
2019-06-05 09:57:58 +0000  4351 bytes for ./AXPracticalHUD.bundle/ax_hud_success@3x.png
2019-06-05 09:57:58 +0000  copying file ./AXPracticalHUD.bundle/ax_hud_success@2x.png ... 
2019-06-05 09:57:58 +0000  2538 bytes for ./AXPracticalHUD.bundle/ax_hud_success@2x.png
copying file ./AXPracticalHUD.bundle/ax_hud_error@3x.png ... 
2019-06-05 09:57:58 +0000  3804 bytes for ./AXPracticalHUD.bundle/ax_hud_error@3x.png
2019-06-05 09:57:58 +0000  copying file ./AppIcon57x57.png ... 
2019-06-05 09:57:58 +0000  9708 bytes for ./AppIcon57x57.png
copying file ./牛彩 ... 
2019-06-05 09:57:58 +0000  11501104 bytes for ./牛彩
copying file ./AppIcon20x20@3x.png ... 
2019-06-05 09:57:58 +0000  10607 bytes for ./AppIcon20x20@3x.png
copying file ./AppIcon29x29.png ... 
2019-06-05 09:57:58 +0000  2692 bytes for ./AppIcon29x29.png
copying file ./LaunchImage-568h@2x.png ... 
2019-06-05 09:57:58 +0000  1670746 bytes for ./LaunchImage-568h@2x.png
2019-06-05 09:57:58 +0000  copying file ./AppIcon60x60@2x.png ... 
2019-06-05 09:57:58 +0000  35202 bytes for ./AppIcon60x60@2x.png
copying file ./AppIcon72x72@2x~ipad.png ... 
2019-06-05 09:57:58 +0000  48096 bytes for ./AppIcon72x72@2x~ipad.png
2019-06-05 09:57:58 +0000  copying file ./AppIcon29x29@2x.png ... 
2019-06-05 09:57:58 +0000  9986 bytes for ./AppIcon29x29@2x.png
copying file ./LaunchImage-800-667h@2x.png ... 
2019-06-05 09:57:58 +0000  2229830 bytes for ./LaunchImage-800-667h@2x.png
copying file ./LaunchImage-Portrait@2x~ipad.png ... 
2019-06-05 09:57:58 +0000  4642295 bytes for ./LaunchImage-Portrait@2x~ipad.png
2019-06-05 09:57:58 +0000  copying file ./AppIcon40x40@3x.png ... 
2019-06-05 09:57:58 +0000  35202 bytes for ./AppIcon40x40@3x.png
copying file ./AppIcon57x57@2x.png ... 
2019-06-05 09:57:58 +0000  32240 bytes for ./AppIcon57x57@2x.png
2019-06-05 09:57:58 +0000  copying file ./AppIcon29x29~ipad.png ... 
2019-06-05 09:57:58 +0000  2692 bytes for ./AppIcon29x29~ipad.png
copying file ./AppIcon40x40@2x.png ... 
2019-06-05 09:57:58 +0000  17596 bytes for ./AppIcon40x40@2x.png
copying file ./LaunchImage-Portrait~ipad.png ... 
2019-06-05 09:57:58 +0000  1808455 bytes for ./LaunchImage-Portrait~ipad.png
2019-06-05 09:57:58 +0000  copying file ./AppIcon29x29@3x.png ... 
2019-06-05 09:57:58 +0000  20408 bytes for ./AppIcon29x29@3x.png
2019-06-05 09:57:58 +0000  copying file ./AppIcon60x60@3x.png ... 
2019-06-05 09:57:58 +0000  70044 bytes for ./AppIcon60x60@3x.png
2019-06-05 09:57:58 +0000  copying file ./AXWebViewController.bundle/backItemImage_hl@2x.png ... 
2019-06-05 09:57:58 +0000  1171 bytes for ./AXWebViewController.bundle/backItemImage_hl@2x.png
copying file ./AXWebViewController.bundle/AXWebViewControllerActivitySafari-iPad@2x.png ... 
2019-06-05 09:57:58 +0000  6892 bytes for ./AXWebViewController.bundle/AXWebViewControllerActivitySafari-iPad@2x.png
2019-06-05 09:57:58 +0000  copying file ./AXWebViewController.bundle/AXWebViewControllerActivitySafari-iPad.png ... 
2019-06-05 09:57:58 +0000  3333 bytes for ./AXWebViewController.bundle/AXWebViewControllerActivitySafari-iPad.png
2019-06-05 09:57:58 +0000  copying file ./AXWebViewController.bundle/zh-Hans.lproj/AXWebViewController.strings ... 
2019-06-05 09:57:58 +0000  602 bytes for ./AXWebViewController.bundle/zh-Hans.lproj/AXWebViewController.strings
2019-06-05 09:57:58 +0000  copying file ./AXWebViewController.bundle/backItemImage@2x.png ... 
2019-06-05 09:57:58 +0000  1160 bytes for ./AXWebViewController.bundle/backItemImage@2x.png
2019-06-05 09:57:58 +0000  copying file ./AXWebViewController.bundle/en.lproj/AXWebViewController.strings ... 
2019-06-05 09:57:58 +0000  609 bytes for ./AXWebViewController.bundle/en.lproj/AXWebViewController.strings
2019-06-05 09:57:58 +0000  copying file ./AXWebViewController.bundle/AXWebViewControllerNext@2x.png ... 
2019-06-05 09:57:58 +0000  1299 bytes for ./AXWebViewController.bundle/AXWebViewControllerNext@2x.png
2019-06-05 09:57:58 +0000  copying file ./AXWebViewController.bundle/AXWebViewControllerActivityChrome-iPad.png ... 
2019-06-05 09:57:58 +0000  2821 bytes for ./AXWebViewController.bundle/AXWebViewControllerActivityChrome-iPad.png
2019-06-05 09:57:58 +0000  copying file ./AXWebViewController.bundle/zh-Hant.lproj/AXWebViewController.strings ... 
2019-06-05 09:57:58 +0000  590 bytes for ./AXWebViewController.bundle/zh-Hant.lproj/AXWebViewController.strings
2019-06-05 09:57:58 +0000  copying file ./AXWebViewController.bundle/icon_cashier_selected@3x.png ... 
2019-06-05 09:57:58 +0000  1571 bytes for ./AXWebViewController.bundle/icon_cashier_selected@3x.png
copying file ./AXWebViewController.bundle/icon_cashier_selected@2x.png ... 
2019-06-05 09:57:58 +0000  1711 bytes for ./AXWebViewController.bundle/icon_cashier_selected@2x.png
copying file ./AXWebViewController.bundle/AXWebViewControllerActivitySafari@2x.png ... 
2019-06-05 09:57:58 +0000  5153 bytes for ./AXWebViewController.bundle/AXWebViewControllerActivitySafari@2x.png
copying file ./AXWebViewController.bundle/AXWebViewControllerNext.png ... 
2019-06-05 09:57:58 +0000  1152 bytes for ./AXWebViewController.bundle/AXWebViewControllerNext.png
2019-06-05 09:57:58 +0000  copying file ./AXWebViewController.bundle/AXWebViewControllerActivityChrome-iPad@2x.png ... 
2019-06-05 09:57:58 +0000  5345 bytes for ./AXWebViewController.bundle/AXWebViewControllerActivityChrome-iPad@2x.png
copying file ./AXWebViewController.bundle/AXWebViewControllerActivityChrome@2x.png ... 
2019-06-05 09:57:58 +0000  4289 bytes for ./AXWebViewController.bundle/AXWebViewControllerActivityChrome@2x.png
copying file ./AXWebViewController.bundle/AXWebViewControllerBack@2x.png ... 
2019-06-05 09:57:58 +0000  1311 bytes for ./AXWebViewController.bundle/AXWebViewControllerBack@2x.png
2019-06-05 09:57:58 +0000  copying file ./AXWebViewController.bundle/AXWebViewControllerBack.png ... 
2019-06-05 09:57:58 +0000  1148 bytes for ./AXWebViewController.bundle/AXWebViewControllerBack.png
2019-06-05 09:57:58 +0000  copying file ./AXWebViewController.bundle/html.bundle/css/nosingle.css ... 
2019-06-05 09:57:58 +0000  992 bytes for ./AXWebViewController.bundle/html.bundle/css/nosingle.css
2019-06-05 09:57:58 +0000  copying file ./AXWebViewController.bundle/html.bundle/js/jquery-2.1.1.min.js ... 
2019-06-05 09:57:58 +0000  84284 bytes for ./AXWebViewController.bundle/html.bundle/js/jquery-2.1.1.min.js
2019-06-05 09:57:58 +0000  copying file ./AXWebViewController.bundle/html.bundle/404.html ... 
2019-06-05 09:57:58 +0000  966 bytes for ./AXWebViewController.bundle/html.bundle/404.html
2019-06-05 09:57:58 +0000  copying file ./AXWebViewController.bundle/html.bundle/img/404.png ... 
2019-06-05 09:57:58 +0000  8150 bytes for ./AXWebViewController.bundle/html.bundle/img/404.png
copying file ./AXWebViewController.bundle/html.bundle/img/nosingle.png ... 
2019-06-05 09:57:58 +0000  5970 bytes for ./AXWebViewController.bundle/html.bundle/img/nosingle.png
2019-06-05 09:57:58 +0000  copying file ./AXWebViewController.bundle/html.bundle/neterror.html ... 
2019-06-05 09:57:58 +0000  1031 bytes for ./AXWebViewController.bundle/html.bundle/neterror.html
2019-06-05 09:57:58 +0000  copying file ./LaunchImage-700-Portrait~ipad.png ... 
2019-06-05 09:57:58 +0000  1808455 bytes for ./LaunchImage-700-Portrait~ipad.png
copying file ./Assets.car ... 
2019-06-05 09:57:58 +0000  1449048 bytes for ./Assets.car
copying file ./AppIcon40x40@2x~ipad.png ... 
2019-06-05 09:57:58 +0000  17596 bytes for ./AppIcon40x40@2x~ipad.png
2019-06-05 09:57:58 +0000  copying file ./AppIcon76x76@2x~ipad.png ... 
2019-06-05 09:57:58 +0000  52724 bytes for ./AppIcon76x76@2x~ipad.png
2019-06-05 09:57:58 +0000  copying file ./LaunchImage-800-Portrait-736h@3x.png ... 
2019-06-05 09:57:58 +0000  4292183 bytes for ./LaunchImage-800-Portrait-736h@3x.png
2019-06-05 09:57:58 +0000  copying file ./AppIcon72x72~ipad.png ... 
2019-06-05 09:57:58 +0000  14638 bytes for ./AppIcon72x72~ipad.png
2019-06-05 09:57:58 +0000  copying file ./LaunchImage-700@2x.png ... 
2019-06-05 09:57:58 +0000  1423344 bytes for ./LaunchImage-700@2x.png
copying file ./AppIcon83.5x83.5@2x~ipad.png ... 
2019-06-05 09:57:58 +0000  61452 bytes for ./AppIcon83.5x83.5@2x~ipad.png
copying file ./LaunchImage-700-568h@2x.png ... 
2019-06-05 09:57:59 +0000  1670746 bytes for ./LaunchImage-700-568h@2x.png
copying file ./AppIcon50x50~ipad.png ... 
2019-06-05 09:57:59 +0000  7474 bytes for ./AppIcon50x50~ipad.png
2019-06-05 09:57:59 +0000  copying file ./AppIcon29x29@2x~ipad.png ... 
2019-06-05 09:57:59 +0000  9986 bytes for ./AppIcon29x29@2x~ipad.png
2019-06-05 09:57:59 +0000  copying file ./AXIndicatorView.bundle/SpinningWaitCursor@3x.png ... 
2019-06-05 09:57:59 +0000  2567 bytes for ./AXIndicatorView.bundle/SpinningWaitCursor@3x.png
2019-06-05 09:57:59 +0000  copying file ./AXIndicatorView.bundle/SpinningWaitCursor@2x.png ... 
2019-06-05 09:57:59 +0000  1947 bytes for ./AXIndicatorView.bundle/SpinningWaitCursor@2x.png
2019-06-05 09:57:59 +0000  copying file ./AppIcon50x50@2x~ipad.png ... 
2019-06-05 09:57:59 +0000  25909 bytes for ./AppIcon50x50@2x~ipad.png
2019-06-05 09:57:59 +0000  copying file ./AppIcon40x40~ipad.png ... 
2019-06-05 09:57:59 +0000  5017 bytes for ./AppIcon40x40~ipad.png
2019-06-05 09:57:59 +0000  copying file ./AppIcon20x20~ipad.png ... 
2019-06-05 09:57:59 +0000  1445 bytes for ./AppIcon20x20~ipad.png
2019-06-05 09:57:59 +0000  copying file ./LaunchImage.png ... 
2019-06-05 09:57:59 +0000  398153 bytes for ./LaunchImage.png
2019-06-05 09:57:59 +0000  copying file ./embedded.mobileprovision ... 
2019-06-05 09:57:59 +0000  11856 bytes for ./embedded.mobileprovision
2019-06-05 09:57:59 +0000  copying file ./SVProgressHUD.bundle/info.png ... 
2019-06-05 09:57:59 +0000  365 bytes for ./SVProgressHUD.bundle/info.png
2019-06-05 09:57:59 +0000  copying file ./SVProgressHUD.bundle/error@3x.png ... 
2019-06-05 09:57:59 +0000  398 bytes for ./SVProgressHUD.bundle/error@3x.png
2019-06-05 09:57:59 +0000  copying file ./SVProgressHUD.bundle/angle-mask@3x.png ... 
2019-06-05 09:57:59 +0000  8319 bytes for ./SVProgressHUD.bundle/angle-mask@3x.png
2019-06-05 09:57:59 +0000  copying file ./SVProgressHUD.bundle/angle-mask@2x.png ... 
2019-06-05 09:57:59 +0000  4893 bytes for ./SVProgressHUD.bundle/angle-mask@2x.png
2019-06-05 09:57:59 +0000  copying file ./SVProgressHUD.bundle/error@2x.png ... 
2019-06-05 09:57:59 +0000  306 bytes for ./SVProgressHUD.bundle/error@2x.png
2019-06-05 09:57:59 +0000  copying file ./SVProgressHUD.bundle/info@3x.png ... 
2019-06-05 09:57:59 +0000  1200 bytes for ./SVProgressHUD.bundle/info@3x.png
2019-06-05 09:57:59 +0000  copying file ./SVProgressHUD.bundle/success@2x.png ... 
2019-06-05 09:57:59 +0000  462 bytes for ./SVProgressHUD.bundle/success@2x.png
2019-06-05 09:57:59 +0000  copying file ./SVProgressHUD.bundle/success@3x.png ... 
2019-06-05 09:57:59 +0000  714 bytes for ./SVProgressHUD.bundle/success@3x.png
2019-06-05 09:57:59 +0000  copying file ./SVProgressHUD.bundle/info@2x.png ... 
2019-06-05 09:57:59 +0000  816 bytes for ./SVProgressHUD.bundle/info@2x.png
copying file ./SVProgressHUD.bundle/error.png ... 
2019-06-05 09:57:59 +0000  184 bytes for ./SVProgressHUD.bundle/error.png
2019-06-05 09:57:59 +0000  copying file ./SVProgressHUD.bundle/success.png ... 
2019-06-05 09:57:59 +0000  262 bytes for ./SVProgressHUD.bundle/success.png
copying file ./SVProgressHUD.bundle/angle-mask.png ... 
2019-06-05 09:57:59 +0000  1845 bytes for ./SVProgressHUD.bundle/angle-mask.png
2019-06-05 09:57:59 +0000  copying file ./LaunchImage-700-Portrait@2x~ipad.png ... 
2019-06-05 09:57:59 +0000  4642295 bytes for ./LaunchImage-700-Portrait@2x~ipad.png
2019-06-05 09:57:59 +0000  copying file ./AppIcon20x20@2x~ipad.png ... 
2019-06-05 09:57:59 +0000  5017 bytes for ./AppIcon20x20@2x~ipad.png
copying file ./Info.plist ... 
2019-06-05 09:57:59 +0000  3037 bytes for ./Info.plist
2019-06-05 09:57:59 +0000  copying file ./PkgInfo ... 
2019-06-05 09:57:59 +0000  8 bytes for ./PkgInfo
copying file ./AppIcon76x76~ipad.png ... 
2019-06-05 09:57:59 +0000  16150 bytes for ./AppIcon76x76~ipad.png
2019-06-05 09:57:59 +0000  /usr/bin/ditto exited with 0
2019-06-05 09:57:59 +0000  Processing step: IDEDistributionEmbedProfileStep
2019-06-05 09:57:59 +0000  Processing step: IDEDistributionAppThinningPlistStep
2019-06-05 09:57:59 +0000  Skipping step: IDEDistributionAppThinningPlistStep because it said so
2019-06-05 09:57:59 +0000  Processing step: IDEDistributionCompileBitcodeStep
2019-06-05 09:57:59 +0000  Skipping step: IDEDistributionCompileBitcodeStep because it said so
2019-06-05 09:57:59 +0000  Processing step: IDEDistributionCodeSlimmingStep
2019-06-05 09:57:59 +0000  Processing step: IDEDistributionCopyBCSymbolMapsStep
2019-06-05 09:57:59 +0000  Skipping step: IDEDistributionCopyBCSymbolMapsStep because it said so
2019-06-05 09:57:59 +0000  Processing step: IDEDistributionSymbolsStep
2019-06-05 09:57:59 +0000  Skipping step: IDEDistributionSymbolsStep because it said so
2019-06-05 09:57:59 +0000  Processing step: IDEDistributionAppThinningStep
2019-06-05 09:57:59 +0000  Skipping step: IDEDistributionAppThinningStep because it said so
2019-06-05 09:57:59 +0000  Processing step: IDEDistributionArchThinningStep
2019-06-05 09:57:59 +0000  Running /Applications/Xcode.app/Contents/Developer/Toolchains/XcodeDefault.xctoolchain/usr/bin/lipo '/var/folders/6t/z1p2xgls4wz_pw36r58hhspr0000gn/T/XcodeDistPipeline.~~~61C892/Root/Payload/牛彩.app/牛彩' '-verify_arch' 'arm64e'
2019-06-05 09:57:59 +0000  /Applications/Xcode.app/Contents/Developer/Toolchains/XcodeDefault.xctoolchain/usr/bin/lipo exited with 1
2019-06-05 09:57:59 +0000  Skipping architecture thinning for item "牛彩" because arch "arm64e" wasn't found
2019-06-05 09:57:59 +0000  Processing step: IDEDistributionODRStep
2019-06-05 09:57:59 +0000  Processing step: IDEDistributionStripXattrsStep
2019-06-05 09:57:59 +0000  Running /usr/bin/xattr '-crs' '/var/folders/6t/z1p2xgls4wz_pw36r58hhspr0000gn/T/XcodeDistPipeline.~~~61C892/Root/Payload/牛彩.app'
2019-06-05 09:57:59 +0000  /usr/bin/xattr exited with 0
2019-06-05 09:57:59 +0000  Processing step: IDEDistributionCodesignStep
2019-06-05 09:57:59 +0000  Entitlements for <IDEDistributionItem: 0x7fc39403a730 'com.pujing.qipai' '<DVTFilePath:0x7fc3a176be20:'/Users/mac/Library/Developer/Xcode/Archives/2019-06-05/牛彩 2019-6-5, 5.51 PM.xcarchive/Products/Applications/牛彩.app'>'>: {
    "application-identifier" = "C5T94MTPZM.com.pujing.qipai";
    "aps-environment" = development;
    "com.apple.developer.team-identifier" = C5T94MTPZM;
    "get-task-allow" = 1;
}
2019-06-05 09:57:59 +0000  Writing entitlements for <IDEDistributionItem: 0x7fc39403a730 'com.pujing.qipai' '<DVTFilePath:0x7fc3a176be20:'/Users/mac/Library/Developer/Xcode/Archives/2019-06-05/牛彩 2019-6-5, 5.51 PM.xcarchive/Products/Applications/牛彩.app'>'> to: /var/folders/6t/z1p2xgls4wz_pw36r58hhspr0000gn/T/XcodeDistPipeline.~~~61C892/entitlements~~~AhFeFe
2019-06-05 09:57:59 +0000  Running /usr/bin/codesign '-vvv' '--force' '--sign' 'C9C691FF337529E0E2FA6FFFBB061E52345A426B' '--entitlements' '/var/folders/6t/z1p2xgls4wz_pw36r58hhspr0000gn/T/XcodeDistPipeline.~~~61C892/entitlements~~~AhFeFe' '--preserve-metadata=identifier,flags,runtime' '/var/folders/6t/z1p2xgls4wz_pw36r58hhspr0000gn/T/XcodeDistPipeline.~~~61C892/Root/Payload/牛彩.app'
2019-06-05 09:57:59 +0000  /var/folders/6t/z1p2xgls4wz_pw36r58hhspr0000gn/T/XcodeDistPipeline.~~~61C892/Root/Payload/牛彩.app: replacing existing signature
2019-06-05 09:58:00 +0000  /var/folders/6t/z1p2xgls4wz_pw36r58hhspr0000gn/T/XcodeDistPipeline.~~~61C892/Root/Payload/牛彩.app: signed app bundle with Mach-O universal (armv7 arm64) [com.pujing.qipai]
2019-06-05 09:58:00 +0000  /usr/bin/codesign exited with 0
2019-06-05 09:58:00 +0000  Processing step: IDEDistributionZipODRItemStep
2019-06-05 09:58:00 +0000  Skipping step: IDEDistributionZipODRItemStep because it said so
2019-06-05 09:58:00 +0000  Processing step: IDEDistributionCreateIPAStep
2019-06-05 09:58:00 +0000  Running /usr/bin/ditto '-V' '-c' '-k' '--norsrc' '/var/folders/6t/z1p2xgls4wz_pw36r58hhspr0000gn/T/XcodeDistPipeline.~~~61C892/Root' '/var/folders/6t/z1p2xgls4wz_pw36r58hhspr0000gn/T/XcodeDistPipeline.~~~61C892/Packages/牛彩.ipa'
2019-06-05 09:58:00 +0000  >>> Copying /var/folders/6t/z1p2xgls4wz_pw36r58hhspr0000gn/T/XcodeDistPipeline.~~~61C892/Root 
2019-06-05 09:58:00 +0000  copying file ./Payload/牛彩.app/_CodeSignature/CodeResources ... 
2019-06-05 09:58:00 +0000  28388 bytes for ./Payload/牛彩.app/_CodeSignature/CodeResources
2019-06-05 09:58:00 +0000  copying file ./Payload/牛彩.app/LaunchImage-1100-Portrait-2436h@3x.png ... 
2019-06-05 09:58:00 +0000  4133499 bytes for ./Payload/牛彩.app/LaunchImage-1100-Portrait-2436h@3x.png
copying file ./Payload/牛彩.app/LaunchImage@2x.png ... 
2019-06-05 09:58:00 +0000  1423344 bytes for ./Payload/牛彩.app/LaunchImage@2x.png
copying file ./Payload/牛彩.app/AppIcon20x20@2x.png ... 
2019-06-05 09:58:00 +0000  5017 bytes for ./Payload/牛彩.app/AppIcon20x20@2x.png
copying file ./Payload/牛彩.app/AXPracticalHUD.bundle/ax_hud_error@2x.png ... 
2149 bytes for ./Payload/牛彩.app/AXPracticalHUD.bundle/ax_hud_error@2x.png
copying file ./Payload/牛彩.app/AXPracticalHUD.bundle/ax_hud_success@3x.png ... 
4351 bytes for ./Payload/牛彩.app/AXPracticalHUD.bundle/ax_hud_success@3x.png
copying file ./Payload/牛彩.app/AXPracticalHUD.bundle/ax_hud_success@2x.png ... 
2538 bytes for ./Payload/牛彩.app/AXPracticalHUD.bundle/ax_hud_success@2x.png
copying file ./Payload/牛彩.app/AXPracticalHUD.bundle/ax_hud_error@3x.png ... 
2019-06-05 09:58:00 +0000  3804 bytes for ./Payload/牛彩.app/AXPracticalHUD.bundle/ax_hud_error@3x.png
copying file ./Payload/牛彩.app/AppIcon57x57.png ... 
2019-06-05 09:58:00 +0000  9708 bytes for ./Payload/牛彩.app/AppIcon57x57.png
copying file ./Payload/牛彩.app/牛彩 ... 
2019-06-05 09:58:01 +0000  11501104 bytes for ./Payload/牛彩.app/牛彩
2019-06-05 09:58:01 +0000  copying file ./Payload/牛彩.app/AppIcon20x20@3x.png ... 
10607 bytes for ./Payload/牛彩.app/AppIcon20x20@3x.png
copying file ./Payload/牛彩.app/AppIcon29x29.png ... 
2692 bytes for ./Payload/牛彩.app/AppIcon29x29.png
copying file ./Payload/牛彩.app/LaunchImage-568h@2x.png ... 
2019-06-05 09:58:01 +0000  1670746 bytes for ./Payload/牛彩.app/LaunchImage-568h@2x.png
copying file ./Payload/牛彩.app/AppIcon60x60@2x.png ... 
2019-06-05 09:58:01 +0000  35202 bytes for ./Payload/牛彩.app/AppIcon60x60@2x.png
copying file ./Payload/牛彩.app/AppIcon72x72@2x~ipad.png ... 
2019-06-05 09:58:01 +0000  48096 bytes for ./Payload/牛彩.app/AppIcon72x72@2x~ipad.png
2019-06-05 09:58:01 +0000  copying file ./Payload/牛彩.app/AppIcon29x29@2x.png ... 
9986 bytes for ./Payload/牛彩.app/AppIcon29x29@2x.png
copying file ./Payload/牛彩.app/LaunchImage-800-667h@2x.png ... 
2019-06-05 09:58:01 +0000  2229830 bytes for ./Payload/牛彩.app/LaunchImage-800-667h@2x.png
copying file ./Payload/牛彩.app/LaunchImage-Portrait@2x~ipad.png ... 
2019-06-05 09:58:01 +0000  4642295 bytes for ./Payload/牛彩.app/LaunchImage-Portrait@2x~ipad.png
copying file ./Payload/牛彩.app/AppIcon40x40@3x.png ... 
2019-06-05 09:58:01 +0000  35202 bytes for ./Payload/牛彩.app/AppIcon40x40@3x.png
copying file ./Payload/牛彩.app/AppIcon57x57@2x.png ... 
2019-06-05 09:58:01 +0000  32240 bytes for ./Payload/牛彩.app/AppIcon57x57@2x.png
copying file ./Payload/牛彩.app/AppIcon29x29~ipad.png ... 
2019-06-05 09:58:01 +0000  2692 bytes for ./Payload/牛彩.app/AppIcon29x29~ipad.png
copying file ./Payload/牛彩.app/AppIcon40x40@2x.png ... 
17596 bytes for ./Payload/牛彩.app/AppIcon40x40@2x.png
copying file ./Payload/牛彩.app/LaunchImage-Portrait~ipad.png ... 
2019-06-05 09:58:01 +0000  1808455 bytes for ./Payload/牛彩.app/LaunchImage-Portrait~ipad.png
copying file ./Payload/牛彩.app/AppIcon29x29@3x.png ... 
2019-06-05 09:58:01 +0000  20408 bytes for ./Payload/牛彩.app/AppIcon29x29@3x.png
copying file ./Payload/牛彩.app/AppIcon60x60@3x.png ... 
2019-06-05 09:58:01 +0000  70044 bytes for ./Payload/牛彩.app/AppIcon60x60@3x.png
2019-06-05 09:58:01 +0000  copying file ./Payload/牛彩.app/AXWebViewController.bundle/backItemImage_hl@2x.png ... 
1171 bytes for ./Payload/牛彩.app/AXWebViewController.bundle/backItemImage_hl@2x.png
copying file ./Payload/牛彩.app/AXWebViewController.bundle/AXWebViewControllerActivitySafari-iPad@2x.png ... 
6892 bytes for ./Payload/牛彩.app/AXWebViewController.bundle/AXWebViewControllerActivitySafari-iPad@2x.png
copying file ./Payload/牛彩.app/AXWebViewController.bundle/AXWebViewControllerActivitySafari-iPad.png ... 
3333 bytes for ./Payload/牛彩.app/AXWebViewController.bundle/AXWebViewControllerActivitySafari-iPad.png
copying file ./Payload/牛彩.app/AXWebViewController.bundle/zh-Hans.lproj/AXWebViewController.strings ... 
602 bytes for ./Payload/牛彩.app/AXWebViewController.bundle/zh-Hans.lproj/AXWebViewController.strings
2019-06-05 09:58:01 +0000  copying file ./Payload/牛彩.app/AXWebViewController.bundle/backItemImage@2x.png ... 
2019-06-05 09:58:01 +0000  1160 bytes for ./Payload/牛彩.app/AXWebViewController.bundle/backItemImage@2x.png
2019-06-05 09:58:01 +0000  copying file ./Payload/牛彩.app/AXWebViewController.bundle/en.lproj/AXWebViewController.strings ... 
2019-06-05 09:58:01 +0000  609 bytes for ./Payload/牛彩.app/AXWebViewController.bundle/en.lproj/AXWebViewController.strings
copying file ./Payload/牛彩.app/AXWebViewController.bundle/AXWebViewControllerNext@2x.png ... 
2019-06-05 09:58:01 +0000  1299 bytes for ./Payload/牛彩.app/AXWebViewController.bundle/AXWebViewControllerNext@2x.png
2019-06-05 09:58:01 +0000  copying file ./Payload/牛彩.app/AXWebViewController.bundle/AXWebViewControllerActivityChrome-iPad.png ... 
2019-06-05 09:58:01 +0000  2821 bytes for ./Payload/牛彩.app/AXWebViewController.bundle/AXWebViewControllerActivityChrome-iPad.png
2019-06-05 09:58:01 +0000  copying file ./Payload/牛彩.app/AXWebViewController.bundle/zh-Hant.lproj/AXWebViewController.strings ... 
2019-06-05 09:58:01 +0000  590 bytes for ./Payload/牛彩.app/AXWebViewController.bundle/zh-Hant.lproj/AXWebViewController.strings
copying file ./Payload/牛彩.app/AXWebViewController.bundle/icon_cashier_selected@3x.png ... 
2019-06-05 09:58:01 +0000  1571 bytes for ./Payload/牛彩.app/AXWebViewController.bundle/icon_cashier_selected@3x.png
copying file ./Payload/牛彩.app/AXWebViewController.bundle/icon_cashier_selected@2x.png ... 
2019-06-05 09:58:01 +0000  1711 bytes for ./Payload/牛彩.app/AXWebViewController.bundle/icon_cashier_selected@2x.png
2019-06-05 09:58:01 +0000  copying file ./Payload/牛彩.app/AXWebViewController.bundle/AXWebViewControllerActivitySafari@2x.png ... 
5153 bytes for ./Payload/牛彩.app/AXWebViewController.bundle/AXWebViewControllerActivitySafari@2x.png
copying file ./Payload/牛彩.app/AXWebViewController.bundle/AXWebViewControllerNext.png ... 
2019-06-05 09:58:01 +0000  1152 bytes for ./Payload/牛彩.app/AXWebViewController.bundle/AXWebViewControllerNext.png
copying file ./Payload/牛彩.app/AXWebViewController.bundle/AXWebViewControllerActivityChrome-iPad@2x.png ... 
2019-06-05 09:58:01 +0000  5345 bytes for ./Payload/牛彩.app/AXWebViewController.bundle/AXWebViewControllerActivityChrome-iPad@2x.png
copying file ./Payload/牛彩.app/AXWebViewController.bundle/AXWebViewControllerActivityChrome@2x.png ... 
2019-06-05 09:58:01 +0000  4289 bytes for ./Payload/牛彩.app/AXWebViewController.bundle/AXWebViewControllerActivityChrome@2x.png
2019-06-05 09:58:01 +0000  copying file ./Payload/牛彩.app/AXWebViewController.bundle/AXWebViewControllerBack@2x.png ... 
2019-06-05 09:58:01 +0000  1311 bytes for ./Payload/牛彩.app/AXWebViewController.bundle/AXWebViewControllerBack@2x.png
copying file ./Payload/牛彩.app/AXWebViewController.bundle/AXWebViewControllerBack.png ... 
2019-06-05 09:58:01 +0000  1148 bytes for ./Payload/牛彩.app/AXWebViewController.bundle/AXWebViewControllerBack.png
2019-06-05 09:58:01 +0000  copying file ./Payload/牛彩.app/AXWebViewController.bundle/html.bundle/css/nosingle.css ... 
2019-06-05 09:58:01 +0000  992 bytes for ./Payload/牛彩.app/AXWebViewController.bundle/html.bundle/css/nosingle.css
2019-06-05 09:58:01 +0000  copying file ./Payload/牛彩.app/AXWebViewController.bundle/html.bundle/js/jquery-2.1.1.min.js ... 
2019-06-05 09:58:01 +0000  84284 bytes for ./Payload/牛彩.app/AXWebViewController.bundle/html.bundle/js/jquery-2.1.1.min.js
2019-06-05 09:58:01 +0000  copying file ./Payload/牛彩.app/AXWebViewController.bundle/html.bundle/404.html ... 
966 bytes for ./Payload/牛彩.app/AXWebViewController.bundle/html.bundle/404.html
copying file ./Payload/牛彩.app/AXWebViewController.bundle/html.bundle/img/404.png ... 
8150 bytes for ./Payload/牛彩.app/AXWebViewController.bundle/html.bundle/img/404.png
copying file ./Payload/牛彩.app/AXWebViewController.bundle/html.bundle/img/nosingle.png ... 
5970 bytes for ./Payload/牛彩.app/AXWebViewController.bundle/html.bundle/img/nosingle.png
copying file ./Payload/牛彩.app/AXWebViewController.bundle/html.bundle/neterror.html ... 
2019-06-05 09:58:01 +0000  1031 bytes for ./Payload/牛彩.app/AXWebViewController.bundle/html.bundle/neterror.html
2019-06-05 09:58:01 +0000  copying file ./Payload/牛彩.app/LaunchImage-700-Portrait~ipad.png ... 
2019-06-05 09:58:02 +0000  1808455 bytes for ./Payload/牛彩.app/LaunchImage-700-Portrait~ipad.png
copying file ./Payload/牛彩.app/Assets.car ... 
2019-06-05 09:58:02 +0000  1449048 bytes for ./Payload/牛彩.app/Assets.car
copying file ./Payload/牛彩.app/AppIcon40x40@2x~ipad.png ... 
2019-06-05 09:58:02 +0000  17596 bytes for ./Payload/牛彩.app/AppIcon40x40@2x~ipad.png
copying file ./Payload/牛彩.app/AppIcon76x76@2x~ipad.png ... 
2019-06-05 09:58:02 +0000  52724 bytes for ./Payload/牛彩.app/AppIcon76x76@2x~ipad.png
2019-06-05 09:58:02 +0000  copying file ./Payload/牛彩.app/LaunchImage-800-Portrait-736h@3x.png ... 
2019-06-05 09:58:02 +0000  4292183 bytes for ./Payload/牛彩.app/LaunchImage-800-Portrait-736h@3x.png
copying file ./Payload/牛彩.app/AppIcon72x72~ipad.png ... 
2019-06-05 09:58:02 +0000  14638 bytes for ./Payload/牛彩.app/AppIcon72x72~ipad.png
copying file ./Payload/牛彩.app/LaunchImage-700@2x.png ... 
2019-06-05 09:58:02 +0000  1423344 bytes for ./Payload/牛彩.app/LaunchImage-700@2x.png
copying file ./Payload/牛彩.app/AppIcon83.5x83.5@2x~ipad.png ... 
2019-06-05 09:58:02 +0000  61452 bytes for ./Payload/牛彩.app/AppIcon83.5x83.5@2x~ipad.png
2019-06-05 09:58:02 +0000  copying file ./Payload/牛彩.app/LaunchImage-700-568h@2x.png ... 
2019-06-05 09:58:02 +0000  1670746 bytes for ./Payload/牛彩.app/LaunchImage-700-568h@2x.png
2019-06-05 09:58:02 +0000  copying file ./Payload/牛彩.app/AppIcon50x50~ipad.png ... 
7474 bytes for ./Payload/牛彩.app/AppIcon50x50~ipad.png
copying file ./Payload/牛彩.app/AppIcon29x29@2x~ipad.png ... 
9986 bytes for ./Payload/牛彩.app/AppIcon29x29@2x~ipad.png
copying file ./Payload/牛彩.app/AXIndicatorView.bundle/SpinningWaitCursor@3x.png ... 
2567 bytes for ./Payload/牛彩.app/AXIndicatorView.bundle/SpinningWaitCursor@3x.png
copying file ./Payload/牛彩.app/AXIndicatorView.bundle/SpinningWaitCursor@2x.png ... 
1947 bytes for ./Payload/牛彩.app/AXIndicatorView.bundle/SpinningWaitCursor@2x.png
copying file ./Payload/牛彩.app/AppIcon50x50@2x~ipad.png ... 
2019-06-05 09:58:02 +0000  25909 bytes for ./Payload/牛彩.app/AppIcon50x50@2x~ipad.png
copying file ./Payload/牛彩.app/AppIcon40x40~ipad.png ... 
2019-06-05 09:58:02 +0000  5017 bytes for ./Payload/牛彩.app/AppIcon40x40~ipad.png
copying file ./Payload/牛彩.app/AppIcon20x20~ipad.png ... 
1445 bytes for ./Payload/牛彩.app/AppIcon20x20~ipad.png
copying file ./Payload/牛彩.app/LaunchImage.png ... 
2019-06-05 09:58:02 +0000  398153 bytes for ./Payload/牛彩.app/LaunchImage.png
copying file ./Payload/牛彩.app/embedded.mobileprovision ... 
2019-06-05 09:58:02 +0000  11856 bytes for ./Payload/牛彩.app/embedded.mobileprovision
copying file ./Payload/牛彩.app/SVProgressHUD.bundle/info.png ... 
365 bytes for ./Payload/牛彩.app/SVProgressHUD.bundle/info.png
copying file ./Payload/牛彩.app/SVProgressHUD.bundle/error@3x.png ... 
398 bytes for ./Payload/牛彩.app/SVProgressHUD.bundle/error@3x.png
copying file ./Payload/牛彩.app/SVProgressHUD.bundle/angle-mask@3x.png ... 
8319 bytes for ./Payload/牛彩.app/SVProgressHUD.bundle/angle-mask@3x.png
2019-06-05 09:58:02 +0000  copying file ./Payload/牛彩.app/SVProgressHUD.bundle/angle-mask@2x.png ... 
2019-06-05 09:58:02 +0000  4893 bytes for ./Payload/牛彩.app/SVProgressHUD.bundle/angle-mask@2x.png
2019-06-05 09:58:02 +0000  copying file ./Payload/牛彩.app/SVProgressHUD.bundle/error@2x.png ... 
2019-06-05 09:58:02 +0000  306 bytes for ./Payload/牛彩.app/SVProgressHUD.bundle/error@2x.png
copying file ./Payload/牛彩.app/SVProgressHUD.bundle/info@3x.png ... 
2019-06-05 09:58:02 +0000  1200 bytes for ./Payload/牛彩.app/SVProgressHUD.bundle/info@3x.png
copying file ./Payload/牛彩.app/SVProgressHUD.bundle/success@2x.png ... 
2019-06-05 09:58:02 +0000  462 bytes for ./Payload/牛彩.app/SVProgressHUD.bundle/success@2x.png
copying file ./Payload/牛彩.app/SVProgressHUD.bundle/success@3x.png ... 
2019-06-05 09:58:02 +0000  714 bytes for ./Payload/牛彩.app/SVProgressHUD.bundle/success@3x.png
copying file ./Payload/牛彩.app/SVProgressHUD.bundle/info@2x.png ... 
2019-06-05 09:58:02 +0000  816 bytes for ./Payload/牛彩.app/SVProgressHUD.bundle/info@2x.png
2019-06-05 09:58:02 +0000  copying file ./Payload/牛彩.app/SVProgressHUD.bundle/error.png ... 
184 bytes for ./Payload/牛彩.app/SVProgressHUD.bundle/error.png
copying file ./Payload/牛彩.app/SVProgressHUD.bundle/success.png ... 
2019-06-05 09:58:02 +0000  262 bytes for ./Payload/牛彩.app/SVProgressHUD.bundle/success.png
copying file ./Payload/牛彩.app/SVProgressHUD.bundle/angle-mask.png ... 
2019-06-05 09:58:02 +0000  1845 bytes for ./Payload/牛彩.app/SVProgressHUD.bundle/angle-mask.png
2019-06-05 09:58:02 +0000  copying file ./Payload/牛彩.app/LaunchImage-700-Portrait@2x~ipad.png ... 
2019-06-05 09:58:03 +0000  4642295 bytes for ./Payload/牛彩.app/LaunchImage-700-Portrait@2x~ipad.png
2019-06-05 09:58:03 +0000  copying file ./Payload/牛彩.app/AppIcon20x20@2x~ipad.png ... 
5017 bytes for ./Payload/牛彩.app/AppIcon20x20@2x~ipad.png
copying file ./Payload/牛彩.app/Info.plist ... 
3037 bytes for ./Payload/牛彩.app/Info.plist
copying file ./Payload/牛彩.app/PkgInfo ... 
8 bytes for ./Payload/牛彩.app/PkgInfo
copying file ./Payload/牛彩.app/AppIcon76x76~ipad.png ... 
16150 bytes for ./Payload/牛彩.app/AppIcon76x76~ipad.png
2019-06-05 09:58:03 +0000  /usr/bin/ditto exited with 0
2019-06-05 09:58:03 +0000  Processing step: IDEDistributionAppStoreInformationStep
2019-06-05 09:58:03 +0000  Skipping step: IDEDistributionAppStoreInformationStep because it said so
2019-06-05 09:58:03 +0000  Processing step: IDEDistributionCreateManifestStep
